[    0.000000] Initializing cgroup subsys cpuset
[    0.000000] Initializing cgroup subsys cpu
[    0.000000] Initializing cgroup subsys cpuacct
[    0.000000] Linux version 4.4.0-210-generic (buildd@lgw01-amd64-009) (gcc version 5.4.0 20160609 (Ubuntu 5.4.0-6ubuntu1~16.04.12) ) #242-Ubuntu SMP Fri Apr 16 09:57:56 UTC 2021 (Ubuntu 4.4.0-210.242-generic 4.4.262)
[    0.000000] Command line: BOOT_IMAGE=/boot/vmlinuz-4.4.0-210-generic root=LABEL=cloudimg-rootfs ro console=tty1 console=ttyS0
[    0.000000] KERNEL supported cpus:
[    0.000000]   Intel GenuineIntel
[    0.000000]   AMD AuthenticAMD
[    0.000000]   Centaur CentaurHauls
[    0.000000] x86/fpu: xstate_offset[2]:  576, xstate_sizes[2]:  256
[    0.000000] x86/fpu: Supporting XSAVE feature 0x01: 'x87 floating point registers'
[    0.000000] x86/fpu: Supporting XSAVE feature 0x02: 'SSE registers'
[    0.000000] x86/fpu: Supporting XSAVE feature 0x04: 'AVX registers'
[    0.000000] x86/fpu: Enabled xstate features 0x7, context size is 832 bytes, using 'standard' format.
[    0.000000] e820: BIOS-provided physical RAM map:
[    0.000000] BIOS-e820: [mem 0x0000000000000000-0x000000000009fbff] usable
[    0.000000] BIOS-e820: [mem 0x000000000009fc00-0x000000000009ffff] reserved
[    0.000000] BIOS-e820: [mem 0x00000000000f0000-0x00000000000fffff] reserved
[    0.000000] BIOS-e820: [mem 0x0000000000100000-0x000000003ffeffff] usable
[    0.000000] BIOS-e820: [mem 0x000000003fff0000-0x000000003fffffff] ACPI data
[    0.000000] BIOS-e820: [mem 0x00000000fec00000-0x00000000fec00fff] reserved
[    0.000000] BIOS-e820: [mem 0x00000000fee00000-0x00000000fee00fff] reserved
[    0.000000] BIOS-e820: [mem 0x00000000fffc0000-0x00000000ffffffff] reserved
[    0.000000] NX (Execute Disable) protection: active
[    0.000000] SMBIOS 2.5 present.
[    0.000000] Hypervisor detected: KVM
[    0.000000] e820: last_pfn = 0x3fff0 max_arch_pfn = 0x400000000
[    0.000000] MTRR: Disabled
[    0.000000] x86/PAT: MTRRs disabled, skipping PAT initialization too.
[    0.000000] CPU MTRRs all blank - virtualized system.
[    0.000000] x86/PAT: Configuration [0-7]: WB  WT  UC- UC  WB  WT  UC- UC  
[    0.000000] found SMP MP-table at [mem 0x0009fff0-0x0009ffff] mapped at [ffff88000009fff0]
[    0.000000] Scanning 1 areas for low memory corruption
[    0.000000] RAMDISK: [mem 0x362de000-0x37166fff]
[    0.000000] ACPI: Early table checksum verification disabled
[    0.000000] ACPI: RSDP 0x00000000000E0000 000024 (v02 VBOX  )
[    0.000000] ACPI: XSDT 0x000000003FFF0030 00003C (v01 VBOX   VBOXXSDT 00000001 ASL  00000061)
[    0.000000] ACPI: FACP 0x000000003FFF00F0 0000F4 (v04 VBOX   VBOXFACP 00000001 ASL  00000061)
[    0.000000] ACPI: DSDT 0x000000003FFF0470 002325 (v02 VBOX   VBOXBIOS 00000002 INTL 20100528)
[    0.000000] ACPI: FACS 0x000000003FFF0200 000040
[    0.000000] ACPI: FACS 0x000000003FFF0200 000040
[    0.000000] ACPI: APIC 0x000000003FFF0240 00005C (v02 VBOX   VBOXAPIC 00000001 ASL  00000061)
[    0.000000] ACPI: SSDT 0x000000003FFF02A0 0001CC (v01 VBOX   VBOXCPUT 00000002 INTL 20100528)
[    0.000000] No NUMA configuration found
[    0.000000] Faking a node at [mem 0x0000000000000000-0x000000003ffeffff]
[    0.000000] NODE_DATA(0) allocated [mem 0x3ffeb000-0x3ffeffff]
[    0.000000] kvm-clock: Using msrs 4b564d01 and 4b564d00
[    0.000000] kvm-clock: cpu 0, msr 0:3ffe3001, primary cpu clock
[    0.000000] kvm-clock: using sched offset of 3472913882 cycles
[    0.000000] clocksource: kvm-clock: mask: 0xffffffffffffffff max_cycles: 0x1cd42e4dffb, max_idle_ns: 881590591483 ns
[    0.000000] Zone ranges:
[    0.000000]   DMA      [mem 0x0000000000001000-0x0000000000ffffff]
[    0.000000]   DMA32    [mem 0x0000000001000000-0x000000003ffeffff]
[    0.000000]   Normal   empty
[    0.000000]   Device   empty
[    0.000000] Movable zone start for each node
[    0.000000] Early memory node ranges
[    0.000000]   node   0: [mem 0x0000000000001000-0x000000000009efff]
[    0.000000]   node   0: [mem 0x0000000000100000-0x000000003ffeffff]
[    0.000000] Initmem setup node 0 [mem 0x0000000000001000-0x000000003ffeffff]
[    0.000000] ACPI: PM-Timer IO Port: 0x4008
[    0.000000] IOAPIC[0]: apic_id 2, version 32, address 0xfec00000, GSI 0-23
[    0.000000] ACPI: INT_SRC_OVR (bus 0 bus_irq 0 global_irq 2 dfl dfl)
[    0.000000] ACPI: INT_SRC_OVR (bus 0 bus_irq 9 global_irq 9 low level)
[    0.000000] Using ACPI (MADT) for SMP configuration information
[    0.000000] smpboot: Allowing 2 CPUs, 0 hotplug CPUs
[    0.000000] PM: Registered nosave memory: [mem 0x00000000-0x00000fff]
[    0.000000] PM: Registered nosave memory: [mem 0x0009f000-0x0009ffff]
[    0.000000] PM: Registered nosave memory: [mem 0x000a0000-0x000effff]
[    0.000000] PM: Registered nosave memory: [mem 0x000f0000-0x000fffff]
[    0.000000] e820: [mem 0x40000000-0xfebfffff] available for PCI devices
[    0.000000] Booting paravirtualized kernel on KVM
[    0.000000] clocksource: refined-jiffies: mask: 0xffffffff max_cycles: 0xffffffff, max_idle_ns: 7645519600211568 ns
[    0.000000] setup_percpu: NR_CPUS:512 nr_cpumask_bits:512 nr_cpu_ids:2 nr_node_ids:1
[    0.000000] PERCPU: Embedded 33 pages/cpu @ffff88003fc00000 s95192 r8192 d31784 u1048576
[    0.000000] Built 1 zonelists in Node order, mobility grouping on.  Total pages: 257912
[    0.000000] Policy zone: DMA32
[    0.000000] Kernel command line: BOOT_IMAGE=/boot/vmlinuz-4.4.0-210-generic root=LABEL=cloudimg-rootfs ro console=tty1 console=ttyS0
[    0.000000] PID hash table entries: 4096 (order: 3, 32768 bytes)
[    0.000000] Memory: 997796K/1048120K available (8644K kernel code, 1332K rwdata, 4044K rodata, 1492K init, 1164K bss, 50324K reserved, 0K cma-reserved)
[    0.000000] SLUB: HWalign=64, Order=0-3, MinObjects=0, CPUs=2, Nodes=1
[    0.000000] Kernel/User page tables isolation: enabled
[    0.000000] Hierarchical RCU implementation.
[    0.000000] 	Build-time adjustment of leaf fanout to 64.
[    0.000000] 	RCU restricting CPUs from NR_CPUS=512 to nr_cpu_ids=2.
[    0.000000] RCU: Adjusting geometry for rcu_fanout_leaf=64, nr_cpu_ids=2
[    0.000000] NR_IRQS:33024 nr_irqs:440 16
[    0.000000] Console: colour VGA+ 80x25
[    0.000000] console [tty1] enabled
[    0.000000] console [ttyS0] enabled
[    0.000000] tsc: Detected 2495.994 MHz processor
[    0.190474] Calibrating delay loop (skipped) preset value.. 4991.98 BogoMIPS (lpj=9983976)
[    0.192532] pid_max: default: 32768 minimum: 301
[    0.193675] ACPI: Core revision 20150930
[    0.196668] ACPI: 2 ACPI AML tables successfully acquired and loaded
[    0.199057] Security Framework initialized
[    0.200317] Yama: becoming mindful.
[    0.201515] AppArmor: AppArmor initialized
[    0.202879] Dentry cache hash table entries: 131072 (order: 8, 1048576 bytes)
[    0.206117] Inode-cache hash table entries: 65536 (order: 7, 524288 bytes)
[    0.208100] Mount-cache hash table entries: 2048 (order: 2, 16384 bytes)
[    0.209747] Mountpoint-cache hash table entries: 2048 (order: 2, 16384 bytes)
[    0.211546] Initializing cgroup subsys io
[    0.212622] Initializing cgroup subsys memory
[    0.213808] Initializing cgroup subsys devices
[    0.215270] Initializing cgroup subsys freezer
[    0.216605] Initializing cgroup subsys net_cls
[    0.218106] Initializing cgroup subsys perf_event
[    0.219572] Initializing cgroup subsys net_prio
[    0.221088] Initializing cgroup subsys hugetlb
[    0.222660] Initializing cgroup subsys pids
[    0.225123] mce: CPU supports 0 MCE banks
[    0.226293] Last level iTLB entries: 4KB 128, 2MB 8, 4MB 8
[    0.227639] Last level dTLB entries: 4KB 64, 2MB 0, 4MB 0, 1GB 4
[    0.229207] Spectre V1 : Mitigation: usercopy/swapgs barriers and __user pointer sanitization
[    0.231781] Spectre V2 : Mitigation: Full generic retpoline
[    0.233298] Spectre V2 : Spectre v2 / SpectreRSB mitigation: Filling RSB on context switch
[    0.235581] Speculative Store Bypass: Vulnerable
[    0.236935] SRBDS: Unknown: Dependent on hypervisor status
[    0.238618] MDS: Vulnerable: Clear CPU buffers attempted, no microcode
[    0.243656] Freeing SMP alternatives memory: 36K
[    0.252541] ftrace: allocating 32380 entries in 127 pages
[    0.326312] smpboot: APIC(0) Converting physical 0 to logical package 0
[    0.327919] smpboot: Max logical packages: 1
[    0.329454] x2apic enabled
[    0.330751] Switched APIC routing to physical x2apic.
[    0.334055] ..TIMER: vector=0x30 apic1=0 pin1=2 apic2=-1 pin2=-1
[    0.443553] smpboot: CPU0: Intel(R) Core(TM) i5-7300HQ CPU @ 2.50GHz (family: 0x6, model: 0x9e, stepping: 0x9)
[    0.446452] Performance Events: unsupported p6 CPU model 158 no PMU driver, software events only.
[    0.459406] KVM setup paravirtual spinlock
[    0.461276] x86: Booting SMP configuration:
[    0.462516] .... node  #0, CPUs:      #1
[    0.463773] kvm-clock: cpu 1, msr 0:3ffe3041, secondary cpu clock
[    0.466506] mce: CPU supports 0 MCE banks
[    0.469254] x86: Booted up 1 node, 2 CPUs
[    0.470742] smpboot: Total of 2 processors activated (9983.97 BogoMIPS)
[    0.473047] devtmpfs: initialized
[    0.475890] evm: security.selinux
[    0.476915] evm: security.SMACK64
[    0.477949] evm: security.SMACK64EXEC
[    0.479031] evm: security.SMACK64TRANSMUTE
[    0.480302] evm: security.SMACK64MMAP
[    0.481748] evm: security.ima
[    0.482722] evm: security.capability
[    0.484201] clocksource: jiffies: mask: 0xffffffff max_cycles: 0xffffffff, max_idle_ns: 7645041785100000 ns
[    0.486731] futex hash table entries: 512 (order: 3, 32768 bytes)
[    0.488527] pinctrl core: initialized pinctrl subsystem
[    0.490145] RTC time:  3:02:58, date: 05/09/21
[    0.491609] NET: Registered protocol family 16
[    0.504640] cpuidle: using governor ladder
[    0.515933] cpuidle: using governor menu
[    0.517254] PCCT header not found.
[    0.518510] ACPI: bus type PCI registered
[    0.519742] acpiphp: ACPI Hot Plug PCI Controller Driver version: 0.5
[    0.521537] PCI: Using configuration type 1 for base access
[    0.537694] ACPI: Added _OSI(Module Device)
[    0.539039] ACPI: Added _OSI(Processor Device)
[    0.540246] ACPI: Added _OSI(3.0 _SCP Extensions)
[    0.541924] ACPI: Added _OSI(Processor Aggregator Device)
[    0.544062] ACPI: Executed 1 blocks of module-level executable AML code
[    0.548453] ACPI: Interpreter enabled
[    0.549596] ACPI: (supports S0 S5)
[    0.550547] ACPI: Using IOAPIC for interrupt routing
[    0.552277] PCI: Using host bridge windows from ACPI; if necessary, use "pci=nocrs" and report a bug
[    0.558498] ACPI: PCI Root Bridge [PCI0] (domain 0000 [bus 00-ff])
[    0.560284] acpi PNP0A03:00: _OSC: OS supports [ASPM ClockPM Segments MSI]
[    0.562532] acpi PNP0A03:00: _OSC: not requesting OS control; OS requires [ExtendedConfig ASPM ClockPM MSI]
[    0.565815] acpi PNP0A03:00: fail to add MMCONFIG information, can't access extended PCI configuration space under this bridge.
[    0.569216] PCI host bridge to bus 0000:00
[    0.570384] pci_bus 0000:00: root bus resource [io  0x0000-0x0cf7 window]
[    0.572284] pci_bus 0000:00: root bus resource [io  0x0d00-0xffff window]
[    0.574041] pci_bus 0000:00: root bus resource [mem 0x000a0000-0x000bffff window]
[    0.576295] pci_bus 0000:00: root bus resource [mem 0x40000000-0xfdffffff window]
[    0.578560] pci_bus 0000:00: root bus resource [bus 00-ff]
[    0.582485] pci 0000:00:01.1: legacy IDE quirk: reg 0x10: [io  0x01f0-0x01f7]
[    0.584288] pci 0000:00:01.1: legacy IDE quirk: reg 0x14: [io  0x03f6]
[    0.585949] pci 0000:00:01.1: legacy IDE quirk: reg 0x18: [io  0x0170-0x0177]
[    0.602379] pci 0000:00:01.1: legacy IDE quirk: reg 0x1c: [io  0x0376]
[    0.617418] pci 0000:00:07.0: quirk: [io  0x4000-0x403f] claimed by PIIX4 ACPI
[    0.619702] pci 0000:00:07.0: quirk: [io  0x4100-0x410f] claimed by PIIX4 SMB
[    0.626272] ACPI: PCI Interrupt Link [LNKA] (IRQs 5 9 10 *11)
[    0.628924] ACPI: PCI Interrupt Link [LNKB] (IRQs 5 9 *10 11)
[    0.631460] ACPI: PCI Interrupt Link [LNKC] (IRQs 5 *9 10 11)
[    0.633708] ACPI: PCI Interrupt Link [LNKD] (IRQs 5 9 10 *11)
[    0.635594] ACPI: Enabled 2 GPEs in block 00 to 07
[    0.637156] vgaarb: setting as boot device: PCI:0000:00:02.0
[    0.638488] vgaarb: device added: PCI:0000:00:02.0,decodes=io+mem,owns=io+mem,locks=none
[    0.640586] vgaarb: loaded
[    0.641392] vgaarb: bridge control possible 0000:00:02.0
[    0.642925] SCSI subsystem initialized
[    0.644106] ACPI: bus type USB registered
[    0.645311] usbcore: registered new interface driver usbfs
[    0.646724] usbcore: registered new interface driver hub
[    0.648136] usbcore: registered new device driver usb
[    0.650731] PCI: Using ACPI for IRQ routing
[    0.652070] NetLabel: Initializing
[    0.653031] NetLabel:  domain hash size = 128
[    0.654101] NetLabel:  protocols = UNLABELED CIPSOv4
[    0.655422] NetLabel:  unlabeled traffic allowed by default
[    0.656928] amd_nb: Cannot enumerate AMD northbridges
[    0.658252] clocksource: Switched to clocksource kvm-clock
[    0.666528] AppArmor: AppArmor Filesystem Enabled
[    0.667936] pnp: PnP ACPI init
[    0.669684] pnp: PnP ACPI: found 3 devices
[    0.680447] clocksource: acpi_pm: mask: 0xffffff max_cycles: 0xffffff, max_idle_ns: 2085701024 ns
[    0.683123] NET: Registered protocol family 2
[    0.684525] TCP established hash table entries: 8192 (order: 4, 65536 bytes)
[    0.686712] TCP bind hash table entries: 8192 (order: 5, 131072 bytes)
[    0.688389] TCP: Hash tables configured (established 8192 bind 8192)
[    0.689996] UDP hash table entries: 512 (order: 2, 16384 bytes)
[    0.691639] UDP-Lite hash table entries: 512 (order: 2, 16384 bytes)
[    0.693218] NET: Registered protocol family 1
[    0.694392] pci 0000:00:00.0: Limiting direct PCI/PCI transfers
[    0.695952] pci 0000:00:01.0: Activating ISA DMA hang workarounds
[    0.697882] Unpacking initramfs...
[    0.901518] Freeing initrd memory: 14884K
[    0.902894] clocksource: tsc: mask: 0xffffffffffffffff max_cycles: 0x23fa717cb36, max_idle_ns: 440795237972 ns
[    0.905557] platform rtc_cmos: registered platform RTC device (no PNP device found)
[    0.907816] Scanning for low memory corruption every 60 seconds
[    0.909672] audit: initializing netlink subsys (disabled)
[    0.911288] audit: type=2000 audit(1620529384.573:1): initialized
[    0.912991] Initialise system trusted keyring
[    0.914668] HugeTLB registered 2 MB page size, pre-allocated 0 pages
[    0.917935] zbud: loaded
[    0.919447] VFS: Disk quotas dquot_6.6.0
[    0.920884] VFS: Dquot-cache hash table entries: 512 (order 0, 4096 bytes)
[    0.923368] squashfs: version 4.0 (2009/01/31) Phillip Lougher
[    0.925658] fuse init (API version 7.23)
[    0.927327] Key type big_key registered
[    0.928480] Allocating IMA MOK and blacklist keyrings.
[    0.930983] Key type asymmetric registered
[    0.932213] Asymmetric key parser 'x509' registered
[    0.933720] Block layer SCSI generic (bsg) driver version 0.4 loaded (major 249)
[    0.935996] io scheduler noop registered
[    0.937084] io scheduler deadline registered (default)
[    0.938427] io scheduler cfq registered
[    0.939604] pci_hotplug: PCI Hot Plug PCI Core version: 0.5
[    0.941038] pciehp: PCI Express Hot Plug Controller Driver version: 0.4
[    0.942780] ACPI: AC Adapter [AC] (on-line)
[    0.944007] input: Power Button as /devices/LNXSYSTM:00/LNXPWRBN:00/input/input0
[    0.946255] ACPI: Power Button [PWRF]
[    0.947825] input: Sleep Button as /devices/LNXSYSTM:00/LNXSLPBN:00/input/input1
[    0.949914] ACPI: Sleep Button [SLPF]
[    0.951454] GHES: HEST is not enabled!
[    0.952237] ACPI: Battery Slot [BAT0] (battery present)
[    0.954418] Serial: 8250/16550 driver, 32 ports, IRQ sharing enabled
[    0.977065] 00:02: ttyS0 at I/O 0x3f8 (irq = 4, base_baud = 115200) is a 16550A
[    0.983612] Linux agpgart interface v0.103
[    0.986413] loop: module loaded
[    0.987978] scsi host0: ata_piix
[    0.989078] scsi host1: ata_piix
[    0.990100] ata1: PATA max UDMA/33 cmd 0x1f0 ctl 0x3f6 bmdma 0xd000 irq 14
[    0.991757] ata2: PATA max UDMA/33 cmd 0x170 ctl 0x376 bmdma 0xd008 irq 15
[    0.993555] libphy: Fixed MDIO Bus: probed
[    0.994758] tun: Universal TUN/TAP device driver, 1.6
[    0.996095] tun: (C) 1999-2004 Max Krasnyansky <maxk@qualcomm.com>
[    0.997790] PPP generic driver version 2.4.2
[    0.999341] ehci_hcd: USB 2.0 'Enhanced' Host Controller (EHCI) Driver
[    1.001016] ehci-pci: EHCI PCI platform driver
[    1.002226] ehci-platform: EHCI generic platform driver
[    1.003621] ohci_hcd: USB 1.1 'Open' Host Controller (OHCI) Driver
[    1.005124] ohci-pci: OHCI PCI platform driver
[    1.006303] ohci-platform: OHCI generic platform driver
[    1.007711] uhci_hcd: USB Universal Host Controller Interface driver
[    1.009254] i8042: PNP: PS/2 Controller [PNP0303:PS2K,PNP0f03:PS2M] at 0x60,0x64 irq 1,12
[    1.012018] serio: i8042 KBD port at 0x60,0x64 irq 1
[    1.013275] serio: i8042 AUX port at 0x60,0x64 irq 12
[    1.015308] mousedev: PS/2 mouse device common for all mice
[    1.017237] input: AT Translated Set 2 keyboard as /devices/platform/i8042/serio0/input/input2
[    1.020124] rtc_cmos rtc_cmos: rtc core: registered rtc_cmos as rtc0
[    1.021774] rtc_cmos rtc_cmos: alarms up to one day, 114 bytes nvram
[    1.023382] i2c /dev entries driver
[    1.024468] device-mapper: uevent: version 1.0.3
[    1.025788] device-mapper: ioctl: 4.34.0-ioctl (2015-10-28) initialised: dm-devel@redhat.com
[    1.028054] ledtrig-cpu: registered to indicate activity on CPUs
[    1.029920] NET: Registered protocol family 10
[    1.031812] NET: Registered protocol family 17
[    1.033056] Key type dns_resolver registered
[    1.034886] registered taskstats version 1
[    1.036121] Loading compiled-in X.509 certificates
[    1.037925] Loaded X.509 cert 'Build time autogenerated kernel key: cf00e047681d67edb2720680708b7d9498083038'
[    1.040574] zswap: loaded using pool lzo/zbud
[    1.043587] Key type trusted registered
[    1.047665] Key type encrypted registered
[    1.048781] AppArmor: AppArmor sha1 policy hashing enabled
[    1.050327] ima: No TPM chip found, activating TPM-bypass!
[    1.051907] ima: Allocated hash algorithm: sha1
[    1.053237] evm: HMAC attrs: 0x1
[    1.054753]   Magic number: 5:944:6
[    1.055883] rtc_cmos rtc_cmos: setting system clock to 2021-05-09 03:02:59 UTC (1620529379)
[    1.058360] BIOS EDD facility v0.16 2004-Jun-25, 0 devices found
[    1.059959] EDD information not available.
[    1.172113] Freeing unused kernel memory: 1492K
[    1.173340] Write protecting the kernel read-only data: 14336k
[    1.175277] Freeing unused kernel memory: 1584K
[    1.176817] Freeing unused kernel memory: 52K
Loading, please wait...
starting version 229
[    1.191489] random: systemd-udevd: uninitialized urandom read (16 bytes read, 3 bits of entropy available)
[    1.192081] random: udevadm: uninitialized urandom read (16 bytes read, 3 bits of entropy available)
[    1.192098] random: udevadm: uninitialized urandom read (16 bytes read, 3 bits of entropy available)
[    1.199988] random: systemd-udevd: uninitialized urandom read (16 bytes read, 3 bits of entropy available)
[    1.201335] random: udevadm: uninitialized urandom read (16 bytes read, 3 bits of entropy available)
[    1.201375] random: udevadm: uninitialized urandom read (16 bytes read, 3 bits of entropy available)
[    1.201510] random: udevadm: uninitialized urandom read (16 bytes read, 3 bits of entropy available)
[    1.201558] random: udevadm: uninitialized urandom read (16 bytes read, 3 bits of entropy available)
[    1.201607] random: udevadm: uninitialized urandom read (16 bytes read, 3 bits of entropy available)
[    1.201654] random: udevadm: uninitialized urandom read (16 bytes read, 3 bits of entropy available)
[    1.249387] e1000: Intel(R) PRO/1000 Network Driver - version 7.3.21-k8-NAPI
[    1.251610] e1000: Copyright (c) 1999-2006 Intel Corporation.
[    1.257009] Fusion MPT base driver 3.04.20
[    1.258429] Copyright (c) 1999-2008 LSI Corporation
[    1.263859] Fusion MPT SPI Host driver 3.04.20
[    1.280250] AVX2 version of gcm_enc/dec engaged.
[    1.281867] AES CTR mode by8 optimization enabled
[    1.474315] input: ImExPS/2 Generic Explorer Mouse as /devices/platform/i8042/serio1/input/input4
[    1.640616] e1000 0000:00:03.0 eth0: (PCI:33MHz:32-bit) 02:ed:98:3c:8e:82
[    1.642289] e1000 0000:00:03.0 eth0: Intel(R) PRO/1000 Network Connection
[    1.644896] mptbase: ioc0: Initiating bringup
[    1.645723] e1000 0000:00:03.0 enp0s3: renamed from eth0
[    2.014663] ioc0: LSI53C1030 A0: Capabilities={Initiator}
[    3.929393] scsi host2: ioc0: LSI53C1030 A0, FwRev=00000000h, Ports=1, MaxQ=256, IRQ=20
[    5.083047] scsi 2:0:0:0: Direct-Access     VBOX     HARDDISK         1.0  PQ: 0 ANSI: 5
[    5.085282] scsi target2:0:0: Beginning Domain Validation
[    5.090165] scsi target2:0:0: Domain Validation skipping write tests
[    5.091887] scsi target2:0:0: Ending Domain Validation
[    5.093284] scsi target2:0:0: asynchronous
[    5.095639] scsi 2:0:1:0: Direct-Access     VBOX     HARDDISK         1.0  PQ: 0 ANSI: 5
[    5.097866] scsi target2:0:1: Beginning Domain Validation
[    5.101571] scsi target2:0:1: Domain Validation skipping write tests
[    5.103111] scsi target2:0:1: Ending Domain Validation
[    5.120109] scsi target2:0:1: asynchronous
[    5.129751] sd 2:0:0:0: Attached scsi generic sg0 type 0
[    5.131717] sd 2:0:0:0: [sda] 83886080 512-byte logical blocks: (42.9 GB/40.0 GiB)
[    5.134319] sd 2:0:1:0: [sdb] 20480 512-byte logical blocks: (10.5 MB/10.0 MiB)
[    5.136543] sd 2:0:0:0: [sda] Write Protect is off
[    5.137852] sd 2:0:1:0: Attached scsi generic sg1 type 0
[    5.137944] sd 2:0:1:0: [sdb] Write Protect is off
[    5.140556] sd 2:0:1:0: [sdb] Incomplete mode parameter data
[    5.140556] sd 2:0:0:0: [sda] Incomplete mode parameter data
[    5.140558] sd 2:0:0:0: [sda] Assuming drive cache: write through
[    5.144410]  sda: sda1
[    5.145346] sd 2:0:0:0: [sda] Attached SCSI disk
[    5.148282] sd 2:0:1:0: [sdb] Assuming drive cache: write through
[    5.154187] sd 2:0:1:0: [sdb] Attached SCSI disk
Begin: Loading essential drivers ... [    6.961051] md: linear personality registered for level -1
[    6.964325] md: multipath personality registered for level -4
[    6.967532] md: raid0 personality registered for level 0
[    6.971660] md: raid1 personality registered for level 1
[    7.042348] raid6: sse2x1   gen() 11645 MB/s
[    7.110287] raid6: sse2x1   xor()  8380 MB/s
[    7.178279] raid6: sse2x2   gen() 13813 MB/s
[    7.246293] raid6: sse2x2   xor()  9153 MB/s
[    7.314315] raid6: sse2x4   gen() 15475 MB/s
[    7.382283] raid6: sse2x4   xor()  9887 MB/s
[    7.450310] raid6: avx2x1   gen() 20328 MB/s
[    7.518312] raid6: avx2x2   gen() 25341 MB/s
[    7.586307] raid6: avx2x4   gen() 26622 MB/s
[    7.587602] raid6: using algorithm avx2x4 gen() 26622 MB/s
[    7.589245] raid6: using avx2x2 recovery algorithm
[    7.592197] xor: automatically using best checksumming function:
[    7.630317]    avx       : 21745.000 MB/sec
[    7.632377] async_tx: api initialized (async)
[    7.641484] md: raid6 personality registered for level 6
[    7.643126] md: raid5 personality registered for level 5
[    7.644604] md: raid4 personality registered for level 4
[    7.652286] md: raid10 personality registered for level 10
done.
Begin: Running /scripts/init-premount ... done.
Begin: Mounting root file system ... Begin: Running /scripts/local-top ... done.
Begin: Running /scripts/local-premount ... [    7.684652] Btrfs loaded
Scanning for Btrfs filesystems
done.
Warning: fsck not present, so skipping root file system
[    7.726089] EXT4-fs (sda1): mounted filesystem with ordered data mode. Opts: (null)
done.
Begin: Running /scripts/local-bottom ... done.
Begin: Running /scripts/init-bottom ... done.
[    7.889762] systemd[1]: systemd 229 running in system mode. (+PAM +AUDIT +SELINUX +IMA +APPARMOR +SMACK +SYSVINIT +UTMP +LIBCRYPTSETUP +GCRYPT +GNUTLS +ACL +XZ -LZ4 +SECCOMP +BLKID +ELFUTILS +KMOD -IDN)
[    7.894659] systemd[1]: Detected virtualization oracle.
[    7.896131] systemd[1]: Detected architecture x86-64.

Welcome to [1mUbuntu 16.04.7 LTS[0m!

[    8.041416] systemd[1]: Set hostname to <ubuntu-xenial>.
[    8.679850] systemd[1]: Started Forward Password Requests to Wall Directory Watch.
[[0;32m  OK  [0m] Started Forward Password Requests to Wall Directory Watch.
[    8.901393] systemd[1]: Reached target Encrypted Volumes.
[[0;32m  OK  [0m] Reached target Encrypted Volumes.
[    8.903754] systemd[1]: Reached target User and Group Name Lookups.
[[0;32m  OK  [0m] Reached target User and Group Name Lookups.
[    8.906530] systemd[1]: Listening on udev Kernel Socket.
[[0;32m  OK  [0m] Listening on udev Kernel Socket.
[    8.908812] systemd[1]: Listening on LVM2 poll daemon socket.
[[0;32m  OK  [0m] Listening on LVM2 poll daemon socket.
[    9.517832] systemd[1]: Listening on LVM2 metadata daemon socket.
[[0;32m  OK  [0m] Listening on LVM2 metadata daemon socket.
[    9.520862] systemd[1]: Listening on Device-mapper event daemon FIFOs.
[[0;32m  OK  [0m] Listening on Device-mapper event daemon FIFOs.
[    9.901224] systemd[1]: Started Trigger resolvconf update for networkd DNS.
[[0;32m  OK  [0m] Started Trigger resolvconf update for networkd DNS.
[    9.904175] systemd[1]: Set up automount Arbitrary Executable File Formats File System Automount Point.
[[0;32m  OK  [0m] Set up automount Arbitrary Executab...ats File System Automount Point.
[    9.908341] systemd[1]: Listening on Journal Socket (/dev/log).
[[0;32m  OK  [0m] Listening on Journal Socket (/dev/log).
[   10.517955] systemd[1]: Listening on /dev/initctl Compatibility Named Pipe.
[[0;32m  OK  [0m] Listening on /dev/initctl Compatibility Named Pipe.
[   10.520782] systemd[1]: Listening on Journal Socket.
[[0;32m  OK  [0m] Listening on Journal Socket.
[   10.901207] systemd[1]: Listening on Syslog Socket.
[[0;32m  OK  [0m] Listening on Syslog Socket.
[   10.903535] systemd[1]: Reached target System Time Synchronized.
[[0;32m  OK  [0m] Reached target System Time Synchronized.
[   10.906420] systemd[1]: Listening on Journal Audit Socket.
[[0;32m  OK  [0m] Listening on Journal Audit Socket.
[   10.908876] systemd[1]: Created slice User and Session Slice.
[[0;32m  OK  [0m] Created slice User and Session Slice.
[   11.046206] systemd[1]: Reached target Swap.
[[0;32m  OK  [0m] Reached target Swap.
[   11.048539] systemd[1]: Listening on fsck to fsckd communication Socket.
[[0;32m  OK  [0m] Listening on fsck to fsckd communication Socket.
[   11.058607] systemd[1]: Listening on udev Control Socket.
[[0;32m  OK  [0m] Listening on udev Control Socket.
[   11.079217] systemd[1]: Created slice System Slice.
[[0;32m  OK  [0m] Created slice System Slice.
[   11.081834] systemd[1]: Created slice system-postgresql.slice.
[[0;32m  OK  [0m] Created slice system-postgresql.slice.
[   11.094724] systemd[1]: Starting File System Check on Root Device...
         Starting File System Check on Root Device...
[   11.098705] systemd[1]: Starting Create list of required static device nodes for the current kernel...
         Starting Create list of required st... nodes for the current kernel...
[   11.126513] systemd[1]: Starting Load Kernel Modules...
         Starting Load Kernel Modules...
[   11.135781] systemd[1]: Mounting Huge Pages File System...
         Mounting Huge Pages File System...
[   11.140340] systemd[1]: Starting Journal Service...
         Starting Journal Service...
[   11.146518] Loading iSCSI transport class v2.0-870.
[   11.150483] systemd[1]: Reached target Slices.
[[0;32m  OK  [0m] Reached target Slices.
[   11.153772] systemd[1]: Starting Set console keymap...
         Starting Set console keymap...
[   11.157722] systemd[1]: Mounting Debug File System...
         Mounting Debug File System...
[   11.161572] systemd[1]: Starting Nameserver information manager...
         Starting Nameserver information manager...
[   11.165260] iscsi: registered transport (tcp)
[   11.166147] systemd[1]: Starting Uncomplicated firewall...
         Starting Uncomplicated firewall...
[   11.170111] systemd[1]: Created slice system-serial\x2dgetty.slice.
[[0;32m  OK  [0m] Created slice system-serial\x2dgetty.slice.
[   11.175696] systemd[1]: Starting Monitoring of LVM2 mirrors, snapshots etc. using dmeventd or progress polling...
         Starting Monitoring of LVM2 mirrors... dmeventd or progress polling...
[   11.181250] systemd[1]: Mounting POSIX Message Queue File System...
         Mounting POSIX Message Queue File System...
[   11.185643] systemd[1]: Mounted POSIX Message Queue File System.
[[0;32m  OK  [0m] Mounted POSIX Message Queue File System.
[   11.188754] systemd[1]: Mounted Debug File System.
[   11.190561] random: nonblocking pool is initialized
[[0;32m  OK  [0m] Mounted Debug File System.
[   11.193464] systemd[1]: Mounted Huge Pages File System.
[[0;32m  OK  [0m] Mounted Huge Pages File System.
[   11.197061] systemd[1]: Started File System Check on Root Device.
[[0;32m  OK  [0m] Started File System Check on Root Device.
[   11.208172] systemd[1]: Started Create list of required static device nodes for the current kernel.
[[0;32m  OK  [0m] Started Create list of required sta...ce nodes for the current kernel.
[   11.224132] iscsi: registered transport (iser)
[   11.227208] systemd[1]: Started Load Kernel Modules.
[[0;32m  OK  [0m] Started Load Kernel Modules.
[   11.231041] systemd[1]: Started Uncomplicated firewall.
[[0;32m  OK  [0m] Started Uncomplicated firewall.
[   11.233913] systemd[1]: Started Nameserver information manager.
[[0;32m  OK  [0m] Started Nameserver information manager.
[   11.239447] systemd[1]: Started Journal Service.
[[0;32m  OK  [0m] Started Journal Service.
[[0;32m  OK  [0m] Started LVM2 metadata daemon.
[[0;32m  OK  [0m] Started File System Check Daemon to report status.
         Mounting FUSE Control File System...
         Starting Apply Kernel Variables...
         Starting Create Static Device Nodes in /dev...
         Starting Remount Root and Kernel File Systems...
[[0;32m  OK  [0m] Mounted FUSE Control File System.
[[0;32m  OK  [0m] Started Apply Kernel Variables.
[[0;32m  OK  [0m] Started Remount Root and Kernel File Systems.
         Starting Load/Save Random Seed...
         Starting Flush Journal to Persistent Storage...
         Starting udev Coldplug all Devices...
[[0;32m  OK  [0m] Started Set console keymap.
[[0;32m  OK  [0m] Started Create Static Device Nodes in /dev.
[[0;32m  OK  [0m] Started Load/Save Random Seed.
         Starting udev Kernel Device Manager...
[[0;32m  OK  [0m] Started Flush Journal to Persistent Storage.
[[0;32m  OK  [0m] Started udev Kernel Device Manager.
[[0;32m  OK  [0m] Started udev Coldplug all Devices.
[[0;32m  OK  [0m] Started Dispatch Password Requests to Console Directory Watch.
[[0;32m  OK  [0m] Started Monitoring of LVM2 mirrors,...ng dmeventd or progress polling.
[[0;32m  OK  [0m] Reached target Local File Systems (Pre).
[[0;32m  OK  [0m] Reached target Local File Systems.
         Starting Create Volatile Files and Directories...
         Starting Initial cloud-init job (pre-networking)...
         Starting Tell Plymouth To Write Out Runtime Data...
         Starting LSB: AppArmor initialization...
         Starting Set console font and keymap...
[[0;32m  OK  [0m] Started Create Volatile Files and Directories.
[[0;32m  OK  [0m] Started Tell Plymouth To Write Out Runtime Data.
[[0;32m  OK  [0m] Found device /dev/ttyS0.
         Starting Update UTMP about System Boot/Shutdown...
[[0;32m  OK  [0m] Started Update UTMP about System Boot/Shutdown.
[[0;32m  OK  [0m] Listening on Load/Save RF Kill Switch Status /dev/rfkill Watch.
[[0;32m  OK  [0m] Started LSB: AppArmor initialization.
         Starting Load AppArmor profiles managed internally by snapd...
[[0;32m  OK  [0m] Started Load AppArmor profiles managed internally by snapd.
[[0;32m  OK  [0m] Found device 82540EM Gigabit Ethern...r (PRO/1000 MT Desktop Adapter).
[   12.414755] cloud-init[508]: Cloud-init v. 21.1-19-gbad84ad4-0ubuntu1~16.04.2 running 'init-local' at Sun, 09 May 2021 03:03:10 +0000. Up 12.07 seconds.
[[0;32m  OK  [0m] Started Initial cloud-init job (pre-networking).
[[0;32m  OK  [0m] Reached target Network (Pre).
[[0;32m  OK  [0m] Started ifup for enp0s3.
         Starting Raise network interfaces...
[[0;32m  OK  [0m] Started Set console font and keymap.
[[0;32m  OK  [0m] Created slice system-getty.slice.
[[0;32m  OK  [0m] Started Raise network interfaces.
         Starting Initial cloud-init job (metadata service crawler)...
[[0;32m  OK  [0m] Reached target Network.
[   13.568248] cloud-init[990]: Cloud-init v. 21.1-19-gbad84ad4-0ubuntu1~16.04.2 running 'init' at Sun, 09 May 2021 03:03:11 +0000. Up 13.20 seconds.
[   13.576389] cloud-init[990]: ci-info: ++++++++++++++++++++++++++++++++++++++Net device info++++++++++++++++++++++++++++++++++++++
[   13.577880] cloud-init[990]: ci-info: +--------+------+----------------------------+---------------+--------+-------------------+
[   13.579355] cloud-init[990]: ci-info: | Device |  Up  |          Address           |      Mask     | Scope  |     Hw-Address    |
[   13.581023] cloud-init[990]: ci-info: +--------+------+----------------------------+---------------+--------+-------------------+
[   13.584158] cloud-init[990]: ci-info: | enp0s3 | True |         10.0.2.15          | 255.255.255.0 | global | 02:ed:98:3c:8e:82 |
[   13.588671] cloud-init[990]: ci-info: | enp0s3 | True | fe80::ed:98ff:fe3c:8e82/64 |       .       |  link  | 02:ed:98:3c:8e:82 |
[   13.592301] cloud-init[990]: ci-info: |   lo   | True |         127.0.0.1          |   255.0.0.0   |  host  |         .         |
[   13.600363] cloud-init[990]: ci-info: |   lo   | True |          ::1/128           |       .       |  host  |         .         |
[   13.601991] cloud-init[990]: ci-info: +--------+------+----------------------------+---------------+--------+-------------------+
[   13.608544] cloud-init[990]: ci-info: +++++++++++++++++++++++++++Route IPv4 info++++++++++++++++++++++++++++
[   13.616370] cloud-init[990]: ci-info: +-------+-------------+----------+---------------+-----------+-------+
[   13.624353] cloud-init[990]: ci-info: | Route | Destination | Gateway  |    Genmask    | Interface | Flags |
[   13.632440] cloud-init[990]: ci-info: +-------+-------------+----------+---------------+-----------+-------+
[   13.640511] [[0;32m  OK  [0m] Started Initial cloud-init job (metadata service crawler).
[[0;32m  OK  [0m] Reached target Cloud-config availability.
[[0;32m  OK  [0m] Reached target System Initialization.
[[0;32m  OK  [0m] Started Daily Cleanup of Temporary Directories.
         Starting Socket activation for snappy daemon.
[[0;32m  OK  [0m] Listening on UUID daemon activation socket.
cloud-init[990]: ci-info: |   0   |   0.0.0.0   | 10.0.2.2 |    0.0.0.0    |   enp0s3  |   UG  |
[   13.645641] [[0;32m  OK  [0m] Started Message of the Day.
[[0;32m  OK  [0m] Started Daily apt download activities.
[[0;32m  OK  [0m] Started Daily apt upgrade and clean activities.
[[0;32m  OK  [0m] Listening on ACPID Listen Socket.
cloud-init[990]: [[0;32m  OK  [0m] Started ACPI Events Check.
[[0;32m  OK  [0m] Reached target Paths.
[[0;32m  OK  [0m] Reached target Timers.
[[0;32m  OK  [0m] Listening on D-Bus System Message Bus Socket.
         Starting LXD - unix socket.
[[0;32m  OK  [0m] Reached target Network is Online.
ci-info: |   1   |   10.0.2.0  | 0.0.0.0  | 255.255.255.0 |   enp0s3  |   U   |
[   13.651922] cloud-init[990]: ci-info: +-------+-------------+----------+---------------+-----------+-------+
[   13.660225]          Starting iSCSI initiator daemon (iscsid)...
cloud-init[[0;32m  OK  [0m] Listening on Socket activation for snappy daemon.
[[0;32m  OK  [0m] Listening on LXD - unix socket.
[[0;32m  OK  [0m] Reached target Sockets.
[[0;32m  OK  [0m] Reached target Basic System.
[990]: ci-info: +++++++++++++++++++Route IPv6 info+++++++++++++++++++
[   13.664207] [[0;32m  OK  [0m] Started Regular background program processing daemon.
cloud-init[990]: ci-info: +-------+-------------+---------+-----------+-------+         Starting OpenBSD Secure Shell server...
[[0;32m  OK  [0m] Started Deferred execution scheduler.
         Starting LSB: MD monitoring daemon...
         Starting LXD - container startup/shutdown...
         Starting Login Service...
         Starting PostgreSQL Cluster 9.5-main...
         Starting /etc/rc.local Compatibility...

         Starting System Logging Service...
[   13.675082] [[0;32m  OK  [0m] Started FUSE filesystem for LXC.
cloud-init[990]: ci-info: | Route | Destination | Gateway | Interface | Flags |
[   13.678530] cloud-init[990]: ci-info: +-------+-------------+---------+-----------+-------+
[   13.680138] cloud-init[990]: ci-info: |   0   |  fe80::/64  |    ::   |   enp0s3  |   U   |
[   13.681724] cloud-init[990]: ci-info: |   3   |   ff00::/8  |    ::   |   enp0s3  |   U   |
[   13.683923] cloud-init[990]: ci-info: +-------+-------------+---------+-----------+-------+
         Starting Snap Daemon...
         Starting Virtualbox guest utils...
[[0;32m  OK  [0m] Started ACPI event daemon.
         Starting Accounts Service...
         Starting LSB: Record successful boot for GRUB...
[[0;32m  OK  [0m] Started D-Bus System Message Bus.
[[0;32m  OK  [0m] Started System Logging Service.
[[0;32m  OK  [0m] Started /etc/rc.local Compatibility.
[[0;32m  OK  [0m] Started iSCSI initiator daemon (iscsid).
         Starting Authenticate and Authorize Users to Run Privileged Tasks...
         Starting Login to default iSCSI targets...
[[0;32m  OK  [0m] Started Login Service.
[[0;32m  OK  [0m] Started Unattended Upgrades Shutdown.
[[0;32m  OK  [0m] Started OpenBSD Secure Shell server.
[[0;32m  OK  [0m] Started LSB: MD monitoring daemon.
[[0;32m  OK  [0m] Started LSB: Record successful boot for GRUB.
[[0;32m  OK  [0m] Started Authenticate and Authorize Users to Run Privileged Tasks.
[[0;32m  OK  [0m] Started Accounts Service.
[[0;32m  OK  [0m] Started Login to default iSCSI targets.
[[0;32m  OK  [0m] Reached target Remote File Systems (Pre).
         Mounting /fbposter...
         Mounting /vagrant...
[[0;32m  OK  [0m] Started LXD - container startup/shutdown.
[[0;1;31mFAILED[0m] Failed to mount /fbposter.
See 'systemctl status fbposter.mount' for details.
[[0;1;33mDEPEND[0m] Dependency failed for Remote File Systems.
[[0;1;31mFAILED[0m] Failed to mount /vagrant.
See 'systemctl status vagrant.mount' for details.
         Starting LSB: Set the CPU Frequency Scaling governor to "ondemand"...
         Starting Permit User Sessions...
         Starting LSB: Start/stop sysstat's sadc...
         Starting LSB: automatic crash report generation...
         Starting LSB: daemon to balance interrupts for SMP systems...
[[0;32m  OK  [0m] Started Permit User Sessions.
         Starting Hold until boot process finishes up...
         Starting Terminate Plymouth Boot Screen...
[[0;32m  OK  [0m] Started Hold until boot process finishes up.
[[0;32m  OK  [0m] Started Virtualbox guest utils.
[[0;32m  OK  [0m] Started LSB: Start/stop sysstat's sadc.
[[0;32m  OK  [0m] Started Terminate Plymouth Boot Screen.
[[0;32m  OK  [0m] Started Serial Getty on ttyS0.
[[0;32m  OK  [0m] Started Getty on tty1.
[[0;32m  OK  [0m] Reached target Login Prompts.
         Starting Set console scheme...
[[0;32m  OK  [0m] Started Set console scheme.
[[0;32m  OK  [0m] Started LSB: Set the CPU Frequency Scaling governor to "ondemand".
[[0;32m  OK  [0m] Started LSB: automatic crash report generation.
[[0;32m  OK  [0m] Started LSB: daemon to balance interrupts for SMP systems.
[[0;32m  OK  [0m] Started Snap Daemon.
         Starting Wait until snapd is fully seeded...
[[0;32m  OK  [0m] Started Wait until snapd is fully seeded.
         Starting Apply the settings specified in cloud-config...
[   14.761527] cloud-init[1259]: Cloud-init v. 21.1-19-gbad84ad4-0ubuntu1~16.04.2 running 'modules:config' at Sun, 09 May 2021 03:03:13 +0000. Up 14.59 seconds.
[[0;32m  OK  [0m] Started Apply the settings specified in cloud-config.
[[0;32m  OK  [0m] Started PostgreSQL Cluster 9.5-main.
         Starting PostgreSQL RDBMS...
[[0;32m  OK  [0m] Started PostgreSQL RDBMS.
[[0;32m  OK  [0m] Reached target Multi-User System.
[[0;32m  OK  [0m] Reached target Graphical Interface.
         Starting Update UTMP about System Runlevel Changes...
         Starting Execute cloud user/final scripts...
[[0;32m  OK  [0m] Started Update UTMP about System Runlevel Changes.
[   16.954175] cloud-init[1292]: Cloud-init v. 21.1-19-gbad84ad4-0ubuntu1~16.04.2 running 'modules:final' at Sun, 09 May 2021 03:03:15 +0000. Up 16.79 seconds.
[   16.960529] cloud-init[1292]: Cloud-init v. 21.1-19-gbad84ad4-0ubuntu1~16.04.2 finished at Sun, 09 May 2021 03:03:15 +0000. Datasource DataSourceNoCloud [seed=/dev/sdb][dsmode=net].  Up 16.94 seconds
[[0;32m  OK  [0m] Started Execute cloud user/final scripts.
[[0;32m  OK  [0m] Reached target Cloud-init target.

Ubuntu 16.04.7 LTS ubuntu-xenial ttyS0

ubuntu-xenial login: 